<?xml version="1.0" encoding="UTF-8"?>
<testng-results skipped="0" failed="0" ignored="0" total="1" passed="1">
  <reporter-output>
  </reporter-output>
  <suite name="Default suite" duration-ms="18986" started-at="2022-04-23T08:31:45 BST" finished-at="2022-04-23T08:32:04 BST">
    <groups>
    </groups>
    <test name="Default test" duration-ms="18986" started-at="2022-04-23T08:31:45 BST" finished-at="2022-04-23T08:32:04 BST">
      <class name="GitJenkinLoad">
        <test-method status="PASS" signature="test1()[pri:0, instance:GitJenkinLoad@2a17b7b6]" name="test1" duration-ms="18647" started-at="2022-04-23T08:31:45 BST" finished-at="2022-04-23T08:32:03 BST">
          <reporter-output>
          </reporter-output>
        </test-method> <!-- test1 -->
      </class> <!-- GitJenkinLoad -->
    </test> <!-- Default test -->
  </suite> <!-- Default suite -->
</testng-results>
